<?xml version="1.0" encoding="UTF-8"?>
<!-- Generated by org.testng.reporters.JUnitXMLReporter -->
<testsuite ignored="0" hostname="TYSS-Chaithra" failures="0" tests="1" name="Test-Runner-Edge" time="14.871" errors="0" timestamp="2024-11-26T16:28:52 IST">
  <testcase classname="productsTests.AddProductToCartTest" name="tc_001_AddProductToCartTest" time="1.078"/>
</testsuite> <!-- Test-Runner-Edge -->
