<?xml version="1.0" encoding="UTF-8"?>
<!-- Generated by org.testng.reporters.JUnitXMLReporter -->
<testsuite ignored="0" hostname="TYSS-Chaithra" failures="0" tests="1" name="Test-Runner-2" time="16.885" errors="0" timestamp="2024-11-22T16:48:01 IST">
  <testcase classname="productsTests.RemoveProductTest" name="removeProduct" time="0.008"/>
</testsuite> <!-- Test-Runner-2 -->
