<?xml version="1.0" encoding="UTF-8"?>
<!-- Generated by org.testng.reporters.JUnitXMLReporter -->
<testsuite ignored="0" hostname="TYSS-Chaithra" failures="0" tests="1" name="Test-Runner-1" time="19.952" errors="0" timestamp="2024-11-22T16:48:05 IST">
  <testcase classname="productsTests.AddProductToCartTest" name="tc_001_AddProductToCartTest" time="3.286"/>
</testsuite> <!-- Test-Runner-1 -->
