<?xml version="1.0" encoding="UTF-8"?>
<!-- Generated by org.testng.reporters.JUnitReportReporter -->
<testsuite hostname="TYSS-Chaithra" failures="0" tests="2" name="practice.TestNGPractice" time="0.019" errors="0" timestamp="2024-11-19T16:30:41 IST" skipped="1">
  <testcase classname="practice.TestNGPractice" name="sample" time="0.019"/>
  <system-out/>
  <testcase classname="practice.TestNGPractice" name="demo">
    <skipped/>
  </testcase> <!-- demo -->
  <system-out/>
</testsuite> <!-- practice.TestNGPractice -->
