<?xml version="1.0" encoding="UTF-8"?>
<!-- Generated by org.testng.reporters.JUnitReportReporter -->
<testsuite hostname="TYSS-Chaithra" failures="0" tests="1" name="productsTests.RemoveProductTest" time="2.197" errors="0" timestamp="2024-11-30T16:29:09 IST" skipped="0">
  <testcase classname="productsTests.RemoveProductTest" name="removeProduct" time="2.197"/>
  <system-out/>
</testsuite> <!-- productsTests.RemoveProductTest -->
